

-----------------------------------
New Analysis started.
Date and time: 24/10/2017 12:16:11
New results follow.
-----------------------------------

RSiena version 1.2-3 (08 Sep 17)


@1
Estimation by stochastic approximation algorithm.
=================================================

Current random number seed is 43256423.
Effects object used: myeff 
Model Type:
 
Behavioral Model Type:
 
Estimation method: unconditional moment estimation.

Time duration for simulations in each period is 1.0.
Standard errors are estimated with the likelihood ratio method.
Dolby method (regression on scores) is used.
Initial value of gain parameter is  0.6324555.
Reduction factor for gain parameter is  0.5000000.
Number of subphases in Phase 2 is 5.

Initial parameter values are 
  1. rate:  constant discussion.net rate (period 1)                                                  64.1415
  2. rate:  constant discussion.net rate (period 2)                                                  58.3537
  3. eval:  outdegree (density)                                                                      -1.2647
  4. eval:  reciprocity                                                                               0.0000
  5. eval:  GWESP I -> K -> J (69)                                                                    0.0000
  6. eval:  GWESP I <- K <- J (69)                                                                    0.0000
  7. eval:  indegree - popularity                                                                     0.0000
  8. eval:  outdegree - activity                                                                      0.0000
  9. eval:  gender alter                                                                              0.0000
 10. eval:  gender ego                                                                                0.0000
 11. eval:  same gender                                                                               0.0000
 12. eval:  candidate.preference alter                                                                0.0000
 13. eval:  candidate.preference ego                                                                  0.0000
 14. eval:  same candidate.preference                                                                 0.0000
 15. rate:  rate candidate.preference (period 1)                                                      0.1929
 16. rate:  rate candidate.preference (period 2)                                                      0.1865
 17. eval:  candidate.preference linear shape                                                         0.0715
 18. eval:  candidate.preference total alter                                                          0.0000
 19. eval:  candidate.preference: tot alters (discussion.net) weighted by evaludative.criteria.diff   0.0000


Observed values of target statistics are
  1. Amount of network change in period 1                                                  9974.0000
  2. Amount of network change in period 2                                                  9074.0000
  3. Number of ties                                                                        14208.0000
  4. Number of reciprocated ties                                                           4542.0000
  5. Numb. edgew. shrd prtns.by two path (69)                                              27162.1688
  6. Numb. edgew. shrd prtns.by reverse two path (69)                                      23693.0428
  7. Sum of squared indegrees                                                              664878.0000
  8. Sum of squared outdegrees                                                             1243458.0000
  9. Sum indegrees x gender                                                                -452.3077
 10. Sum outdegrees x gender                                                               -641.3077
 11. Same values on gender                                                                 7153.0000
 12. Sum indegrees x candidate.preference                                                   575.6410
 13. Sum outdegrees x candidate.preference                                                  250.6410
 14. Same values on candidate.preference                                                   7951.0000
 15. Amount of behavioral change in period 1 on candidate.preference                         29.0000
 16. Amount of behavioral change in period 2 on candidate.preference                         27.0000
 17. candidate.preference centered sum                                                        7.6667
 18. candidate.preference total alters                                                       76.5164
 19. candidate.preference tot alters (discussion.net) weighted by evaludative.criteria.diff-146.1134

 19 parameters, 19 statistics



-----------------------------------
New Analysis started.
Date and time: 24/10/2017 16:34:01
New results follow.
-----------------------------------

RSiena version 1.2-3 (08 Sep 17)


@1
Estimation by stochastic approximation algorithm.
=================================================

Random initialization of random number stream.
Current random number seed is 775977.
Effects object used: myeff 
Model Type:
 
Behavioral Model Type:
 
Estimation method: unconditional moment estimation.

Time duration for simulations in each period is 1.0.
Standard errors are estimated with the likelihood ratio method.
Dolby method (regression on scores) is used.
Initial value of gain parameter is  0.6324555.
Reduction factor for gain parameter is  0.5000000.
Number of subphases in Phase 2 is 4.

Initial parameter values are 
  1. rate:  constant discussion.net rate (period 1)                                                  64.1415
  2. rate:  constant discussion.net rate (period 2)                                                  58.3537
  3. eval:  outdegree (density)                                                                      -1.2647
  4. eval:  reciprocity                                                                               0.0000
  5. eval:  GWESP I -> K -> J (69)                                                                    0.0000
  6. eval:  GWESP I <- K <- J (69)                                                                    0.0000
  7. eval:  indegree - popularity                                                                     0.0000
  8. eval:  outdegree - activity                                                                      0.0000
  9. eval:  gender alter                                                                              0.0000
 10. eval:  gender ego                                                                                0.0000
 11. eval:  same gender                                                                               0.0000
 12. eval:  candidate.preference alter                                                                0.0000
 13. eval:  candidate.preference ego                                                                  0.0000
 14. eval:  same candidate.preference                                                                 0.0000
 15. rate:  rate candidate.preference (period 1)                                                      0.1929
 16. rate:  rate candidate.preference (period 2)                                                      0.1865
 17. eval:  candidate.preference linear shape                                                         0.0715
 18. eval:  candidate.preference total alter                                                          0.0000
 19. eval:  candidate.preference: tot alters (discussion.net) weighted by evaludative.criteria.diff   0.0000


Observed values of target statistics are
  1. Amount of network change in period 1                                                  9974.0000
  2. Amount of network change in period 2                                                  9074.0000
  3. Number of ties                                                                        14208.0000
  4. Number of reciprocated ties                                                           4542.0000
  5. Numb. edgew. shrd prtns.by two path (69)                                              27162.1688
  6. Numb. edgew. shrd prtns.by reverse two path (69)                                      23693.0428
  7. Sum of squared indegrees                                                              664878.0000
  8. Sum of squared outdegrees                                                             1243458.0000
  9. Sum indegrees x gender                                                                -452.3077
 10. Sum outdegrees x gender                                                               -641.3077
 11. Same values on gender                                                                 7153.0000
 12. Sum indegrees x candidate.preference                                                   575.6410
 13. Sum outdegrees x candidate.preference                                                  250.6410
 14. Same values on candidate.preference                                                   7951.0000
 15. Amount of behavioral change in period 1 on candidate.preference                         29.0000
 16. Amount of behavioral change in period 2 on candidate.preference                         27.0000
 17. candidate.preference centered sum                                                        7.6667
 18. candidate.preference total alters                                                       76.5164
 19. candidate.preference tot alters (discussion.net) weighted by evaludative.criteria.diff-146.1134

 19 parameters, 19 statistics

Estimation of derivatives by the LR method (type 1).


@2
End of stochastic approximation algorithm, phase 3.
---------------------------------------------------

Total of 2636 iterations.
Parameter estimates based on 1636 iterations,
convergence diagnostics, covariance and derivative matrices based on 1000 iterations.

Information for convergence diagnosis.
Averages, standard deviations, and t-ratios for deviations from targets:
  1.   101.1890    643.5566   0.1572 
  2.  -198.4820   4595.0963  -0.0432 
  3.   445.7430   6288.6999   0.0709 
  4.    86.8800   2674.9102   0.0325 
  5.   945.9143  12712.0267   0.0744 
  6.   615.1254  13281.5121   0.0463 
  7.   440.8910 547651.0421   0.0008 
  8. 50952.8890 656714.2123   0.0776 
  9.   -47.1172    278.2790  -0.1693 
 10.   -19.2792    209.6519  -0.0920 
 11.   236.4370   3167.2928   0.0746 
 12.    30.6762    453.0258   0.0677 
 13.   -40.5318    243.3713  -0.1665 
 14.   249.7070   3599.7439   0.0694 
 15.     0.0300      4.9185   0.0061 
 16.     2.4800      5.0081   0.4952 
 17.     0.0820      7.3517   0.0112 
 18.   -36.9848     23.3011  -1.5873 
 19.   -21.6958     28.4378  -0.7629 

Good convergence is indicated by the t-ratios being close to zero.

Overall maximum convergence ratio =  2.8765 .
One or more of the t-statistics are rather large.
Convergence of the algorithm is doubtful.



@2
Estimation Results.
-------------------

Regular end of estimation algorithm.
Total of 2636 iteration steps.


@3
Estimates and standard errors
                             
Network Dynamics
 1. rate:  constant discussion.net rate (period 1)               179.0687  (  90.4967)
 2. rate:  constant discussion.net rate (period 2)               411.3731  (4595.0963)
 3. eval:  outdegree (density)                                    -4.0107  (   0.4015)
 4. eval:  reciprocity                                             0.3813  (   0.1284)
 5. eval:  GWESP I -> K -> J (69)                                  1.1188  (   0.0968)
 6. eval:  GWESP I <- K <- J (69)                                  0.1797  (   0.0901)
 7. eval:  indegree - popularity                                   0.0057  (   0.0045)
 8. eval:  outdegree - activity                                    0.0048  (   0.0003)
 9. eval:  gender alter                                           -0.0682  (   0.0571)
10. eval:  gender ego                                              0.0053  (   0.0293)
11. eval:  same gender                                             0.0113  (   0.0336)
12. eval:  candidate.preference alter                              0.0672  (   0.0969)
13. eval:  candidate.preference ego                               -0.0638  (   0.0459)
14. eval:  same candidate.preference                               0.0711  (   0.0551)
Behavior Dynamics

15. rate:  rate candidate.preference (period 1)                    0.2334  (   0.0713)
16. rate:  rate candidate.preference (period 2)                    0.2646  (   0.1273)
17. eval:  candidate.preference linear shape                       2.1170  (   3.7552)
18. eval:  candidate.preference total alter                       -1.9975  (   7.5526)
19. eval:  candidate.preference: tot alters (discussion.net) wei  -4.7819  (  15.6041)


@3
Covariance matrices
                   
Covariance matrix of estimates (correlations below diagonal):
    8189.650  -220103.420       32.452       10.592       -4.499       -2.496       -0.374       -0.026       -4.849       -2.339       -2.590       -8.587       -3.792       -4.559       -1.734       -8.950       74.131     -362.153      293.785
      -0.529 21114910.088     -467.483     -175.099        7.899        1.687        8.534        0.583      105.971       46.438       48.104      260.375       85.625       98.647      -61.054      147.184     5093.471    -3265.362   -36844.448
       0.893       -0.253        0.161        0.051       -0.028       -0.012       -0.002        0.000       -0.021       -0.011       -0.013       -0.032       -0.017       -0.020       -0.012       -0.043        0.470       -1.810        0.126
       0.911       -0.297        0.984        0.016       -0.009       -0.004       -0.001        0.000       -0.007       -0.003       -0.004       -0.011       -0.006       -0.007       -0.003       -0.013        0.126       -0.541        0.162
      -0.514        0.018       -0.726       -0.703        0.009       -0.002        0.000        0.000        0.004        0.002        0.002        0.004        0.003        0.003        0.002        0.005       -0.002        0.146       -0.189
      -0.306        0.004       -0.329       -0.304       -0.277        0.008        0.000        0.000        0.001        0.001        0.001        0.003        0.001        0.001        0.003        0.006       -0.225        0.475        0.726
      -0.912        0.410       -0.926       -0.936        0.693        0.069        0.000        0.000        0.000        0.000        0.000        0.000        0.000        0.000        0.000        0.000       -0.001        0.013       -0.020
      -0.926        0.415       -0.932       -0.937        0.565        0.280        0.954        0.000        0.000        0.000        0.000        0.000        0.000        0.000        0.000        0.000        0.000        0.001       -0.001
      -0.939        0.404       -0.931       -0.934        0.688        0.156        0.955        0.923        0.003        0.001        0.002        0.005        0.002        0.003        0.001        0.005       -0.041        0.214       -0.169
      -0.882        0.345       -0.914       -0.914        0.602        0.326        0.869        0.882        0.885        0.001        0.001        0.002        0.001        0.001        0.001        0.003       -0.021        0.106       -0.077
      -0.851        0.311       -0.929       -0.925        0.740        0.183        0.892        0.864        0.901        0.895        0.001        0.003        0.001        0.002        0.001        0.003       -0.020        0.114       -0.077
      -0.980        0.585       -0.830       -0.851        0.452        0.316        0.846        0.868        0.887        0.840        0.801        0.009        0.004        0.005        0.002        0.009       -0.069        0.361       -0.350
      -0.913        0.406       -0.930       -0.936        0.709        0.185        0.924        0.899        0.933        0.879        0.903        0.873        0.002        0.002        0.001        0.004       -0.030        0.165       -0.123
      -0.915        0.390       -0.920       -0.923        0.580        0.293        0.908        0.921        0.901        0.889        0.850        0.862        0.848        0.003        0.001        0.005       -0.037        0.198       -0.177
      -0.269       -0.186       -0.417       -0.375        0.275        0.440        0.212        0.286        0.318        0.316        0.302        0.235        0.317        0.268        0.005        0.003       -0.171        0.361        0.612
      -0.777        0.252       -0.837       -0.815        0.394        0.520        0.758        0.825        0.757        0.782        0.727        0.721        0.753        0.780        0.381        0.016       -0.186        0.614        0.170
       0.218        0.295        0.311        0.262       -0.006       -0.665       -0.072       -0.208       -0.191       -0.188       -0.161       -0.189       -0.172       -0.180       -0.639       -0.389       14.102      -26.260      -50.244
      -0.530       -0.094       -0.597       -0.557        0.200        0.698        0.385        0.505        0.496        0.478        0.449        0.493        0.476        0.476        0.670        0.638       -0.926       57.041       81.857
       0.208       -0.514        0.020        0.081       -0.125        0.517       -0.283       -0.165       -0.190       -0.167       -0.147       -0.231       -0.172       -0.206        0.550        0.086       -0.857        0.695      243.488

Derivative matrix of expected statistics X by parameters and
covariance/correlation matrix of X can be found using
summary(ans) within R, or by using the 'verbose' option in Siena07.
 
Total computation time 65031.22 seconds.


-----------------------------------
New Analysis started.
Date and time: 25/10/2017 10:43:56
New results follow.
-----------------------------------

RSiena version 1.2-3 (08 Sep 17)


@1
Estimation by stochastic approximation algorithm.
=================================================

Random initialization of random number stream.
Current random number seed is 263463.
Effects object used: myeff 
Model Type:
 
Behavioral Model Type:
 
Estimation method: unconditional moment estimation.

Time duration for simulations in each period is 1.0.
Standard errors are estimated with the likelihood ratio method.
Dolby method (regression on scores) is used.
Initial value of gain parameter is  0.6324555.
Reduction factor for gain parameter is  0.5000000.
Number of subphases in Phase 2 is 4.

Initial parameter values are 
  1. rate:  constant discussion.net rate (period 1)                                                  64.1415
  2. rate:  constant discussion.net rate (period 2)                                                  58.3537
  3. eval:  outdegree (density)                                                                      -1.2647
  4. eval:  reciprocity                                                                               0.0000
  5. eval:  GWESP I -> K -> J (69)                                                                    0.0000
  6. eval:  GWESP I <- K <- J (69)                                                                    0.0000
  7. eval:  indegree - popularity                                                                     0.0000
  8. eval:  outdegree - activity                                                                      0.0000
  9. eval:  candidate.preference alter                                                                0.0000
 10. eval:  candidate.preference ego                                                                  0.0000
 11. eval:  same candidate.preference                                                                 0.0000
 12. rate:  rate candidate.preference (period 1)                                                      0.1929
 13. rate:  rate candidate.preference (period 2)                                                      0.1865
 14. eval:  candidate.preference linear shape                                                         0.0715
 15. eval:  candidate.preference: tot alters (discussion.net) weighted by evaludative.criteria.diff   0.0000


Observed values of target statistics are
  1. Amount of network change in period 1                                                  9974.0000
  2. Amount of network change in period 2                                                  9074.0000
  3. Number of ties                                                                        14208.0000
  4. Number of reciprocated ties                                                           4542.0000
  5. Numb. edgew. shrd prtns.by two path (69)                                              27162.1688
  6. Numb. edgew. shrd prtns.by reverse two path (69)                                      23693.0428
  7. Sum of squared indegrees                                                              664878.0000
  8. Sum of squared outdegrees                                                             1243458.0000
  9. Sum indegrees x candidate.preference                                                   575.6410
 10. Sum outdegrees x candidate.preference                                                  250.6410
 11. Same values on candidate.preference                                                   7951.0000
 12. Amount of behavioral change in period 1 on candidate.preference                         29.0000
 13. Amount of behavioral change in period 2 on candidate.preference                         27.0000
 14. candidate.preference centered sum                                                        7.6667
 15. candidate.preference tot alters (discussion.net) weighted by evaludative.criteria.diff-146.1134

 15 parameters, 15 statistics

Estimation of derivatives by the LR method (type 1).


@2
End of stochastic approximation algorithm, phase 3.
---------------------------------------------------

Total of 2530 iterations.
Parameter estimates based on 1530 iterations,
convergence diagnostics, covariance and derivative matrices based on 1000 iterations.

Information for convergence diagnosis.
Averages, standard deviations, and t-ratios for deviations from targets:
  1.   103.7640    665.5623   0.1559 
  2.  -334.5000   4816.3459  -0.0695 
  3.    35.3740   6543.9260   0.0054 
  4.   -11.7560   2850.5139  -0.0041 
  5.    67.2191  13240.7154   0.0051 
  6.  -124.8093  13884.1897  -0.0090 
  7. -9282.2400 588004.2323  -0.0158 
  8. 11051.2740 681286.5329   0.0162 
  9.    22.9957    485.0947   0.0474 
 10.   -31.5883    249.4425  -0.1266 
 11.    13.6580   3746.7138   0.0036 
 12.     0.0630      5.0854   0.0124 
 13.     3.3430      5.2982   0.6310 
 14.    -3.3060      7.4594  -0.4432 
 15.    10.0250     26.1839   0.3829 

Good convergence is indicated by the t-ratios being close to zero.

Overall maximum convergence ratio =  1.6901 .
One or more of the t-statistics are rather large.
Convergence of the algorithm is doubtful.



@2
Estimation Results.
-------------------

Regular end of estimation algorithm.
Total of 2530 iteration steps.


@3
Estimates and standard errors
                             
Network Dynamics
 1. rate:  constant discussion.net rate (period 1)               178.6796  (241242.7249)
 2. rate:  constant discussion.net rate (period 2)               418.2341  (243577.7141)
 3. eval:  outdegree (density)                                    -3.9286  (   0.1271)
 4. eval:  reciprocity                                             0.4078  (   0.0429)
 5. eval:  GWESP I -> K -> J (69)                                  1.0930  (   0.0809)
 6. eval:  GWESP I <- K <- J (69)                                  0.1411  (   0.0865)
 7. eval:  indegree - popularity                                   0.0064  (   0.0028)
 8. eval:  outdegree - activity                                    0.0048  (   0.0002)
 9. eval:  candidate.preference alter                              0.0629  (   0.0242)
10. eval:  candidate.preference ego                               -0.0604  (   0.0188)
11. eval:  same candidate.preference                               0.0659  (   0.0159)
Behavior Dynamics

12. rate:  rate candidate.preference (period 1)                    0.2304  (   0.0466)
13. rate:  rate candidate.preference (period 2)                    0.2596  (   0.0634)
14. eval:  candidate.preference linear shape                       0.5836  (   0.2732)
15. eval:  candidate.preference: tot alters (discussion.net) wei  -0.4126  (   0.4418)


@3
Covariance matrices
                   
Covariance matrix of estimates (correlations below diagonal):
 58198052302.472 -58761135135.947        -4971.914         1676.583         6974.261        -4573.641          -22.808           -5.366         -872.935        -1382.840           36.763         -350.573        -2729.455         -370.172         4799.756
          -1.000  59330102794.043         5010.452        -1696.813        -7036.740         4622.343           22.970            5.409          879.533         1394.648          -37.342          352.799         2757.658          377.663        -4823.517
          -0.162            0.162            0.016            0.004           -0.009            0.008            0.000            0.000            0.001            0.002           -0.001            0.002            0.003           -0.002           -0.030
           0.162           -0.162            0.657            0.002           -0.002            0.000            0.000            0.000            0.000            0.000            0.000            0.000            0.000            0.001           -0.008
           0.357           -0.357           -0.882           -0.449            0.007           -0.005            0.000            0.000            0.000           -0.001            0.000           -0.001           -0.002            0.000            0.016
          -0.219            0.219            0.709            0.127           -0.672            0.007            0.000            0.000            0.001            0.001            0.000            0.001            0.002           -0.004           -0.014
          -0.034            0.034           -0.699           -0.325            0.447           -0.887            0.000            0.000            0.000            0.000            0.000            0.000            0.000            0.000            0.000
          -0.104            0.103           -0.686           -0.345            0.415           -0.824            0.954            0.000            0.000            0.000            0.000            0.000            0.000            0.000            0.000
          -0.150            0.149            0.261           -0.007           -0.034            0.551           -0.685           -0.608            0.001            0.000            0.000            0.000            0.000           -0.001           -0.001
          -0.305            0.305            0.736            0.330           -0.745            0.575           -0.442           -0.443            0.107            0.000            0.000            0.000            0.000            0.000           -0.003
           0.010           -0.010           -0.369           -0.097            0.335           -0.331            0.256            0.235           -0.186           -0.546            0.000            0.000            0.000            0.000            0.001
          -0.031            0.031            0.357            0.236           -0.235            0.308           -0.372           -0.366            0.146            0.255           -0.117            0.002            0.001            0.000           -0.006
          -0.178            0.179            0.350           -0.025           -0.456            0.439           -0.269           -0.250            0.004            0.327           -0.132            0.174            0.004            0.001           -0.010
          -0.006            0.006           -0.054            0.044            0.011           -0.169            0.189            0.169           -0.176            0.003           -0.054            0.029            0.070            0.075           -0.001
           0.045           -0.045           -0.538           -0.403            0.436           -0.358            0.397            0.391           -0.138           -0.377            0.189           -0.314           -0.358           -0.009            0.195

Derivative matrix of expected statistics X by parameters and
covariance/correlation matrix of X can be found using
summary(ans) within R, or by using the 'verbose' option in Siena07.
 
Total computation time 52234.4 seconds.


-----------------------------------
New Analysis started.
Date and time: 26/10/2017 12:52:14
New results follow.
-----------------------------------

RSiena version 1.2-3 (08 Sep 17)


@1
Estimation by stochastic approximation algorithm.
=================================================

Random initialization of random number stream.
Current random number seed is 367892.
Effects object used: myeff 
Model Type:
 
Behavioral Model Type:
 
Estimation method: unconditional moment estimation.

Time duration for simulations in each period is 1.0.
Standard errors are estimated with the likelihood ratio method.
Dolby method (regression on scores) is used.
Initial value of gain parameter is  0.6324555.
Reduction factor for gain parameter is  0.5000000.
Number of subphases in Phase 2 is 4.

Initial parameter values are 
  1. rate:  constant discussion.net rate (period 1)                                                  64.1415
  2. rate:  constant discussion.net rate (period 2)                                                  58.3537
  3. eval:  outdegree (density)                                                                      -1.2647
  4. eval:  reciprocity                                                                               0.0000
  5. eval:  GWESP I -> K -> J (69)                                                                    0.0000
  6. eval:  GWESP I <- K <- J (69)                                                                    0.0000
  7. eval:  indegree - popularity                                                                     0.0000
  8. eval:  outdegree - activity                                                                      0.0000
  9. eval:  candidate.preference alter                                                                0.0000
 10. eval:  candidate.preference ego                                                                  0.0000
 11. eval:  same candidate.preference                                                                 0.0000
 12. rate:  rate candidate.preference (period 1)                                                      0.1929
 13. rate:  rate candidate.preference (period 2)                                                      0.1865
 14. eval:  candidate.preference linear shape                                                         0.0715
 15. eval:  candidate.preference: tot alters (discussion.net) weighted by evaludative.criteria.diff   0.0000


Observed values of target statistics are
  1. Amount of network change in period 1                                                  9974.0000
  2. Amount of network change in period 2                                                  9074.0000
  3. Number of ties                                                                        14208.0000
  4. Number of reciprocated ties                                                           4542.0000
  5. Numb. edgew. shrd prtns.by two path (69)                                              27162.1688
  6. Numb. edgew. shrd prtns.by reverse two path (69)                                      23693.0428
  7. Sum of squared indegrees                                                              664878.0000
  8. Sum of squared outdegrees                                                             1243458.0000
  9. Sum indegrees x candidate.preference                                                   575.6410
 10. Sum outdegrees x candidate.preference                                                  250.6410
 11. Same values on candidate.preference                                                   7951.0000
 12. Amount of behavioral change in period 1 on candidate.preference                         29.0000
 13. Amount of behavioral change in period 2 on candidate.preference                         27.0000
 14. candidate.preference centered sum                                                        7.6667
 15. candidate.preference tot alters (discussion.net) weighted by evaludative.criteria.diff-146.1134

 15 parameters, 15 statistics

Estimation of derivatives by the LR method (type 1).


@2
End of stochastic approximation algorithm, phase 3.
---------------------------------------------------

Total of 2106 iterations.
Parameter estimates based on 1106 iterations,
convergence diagnostics, covariance and derivative matrices based on 1000 iterations.

Information for convergence diagnosis.
Averages, standard deviations, and t-ratios for deviations from targets:
  1.   -2767.4190    74.0326 -37.3811 
  2.   -2587.4440    70.1750 -36.8713 
  3.   -1690.9370   156.0391 -10.8366 
  4.   -1229.7840    91.4510 -13.4475 
  5.   -7303.4285   362.4424 -20.1506 
  6.   -5978.5131   429.3811 -13.9236 
  7. -313073.6110  9929.8180 -31.5286 
  8. -368266.5610 17225.5086 -21.3791 
  9.    -193.2763    51.5577  -3.7487 
 10.     -82.6203    58.4940  -1.4125 
 11.   -1834.6610    95.6305 -19.1849 
 12.       0.5150     5.1418   0.1002 
 13.       0.4570     5.0139   0.0911 
 14.      -0.1020     7.0860  -0.0144 
 15.       3.7526    24.6192   0.1524 

Good convergence is indicated by the t-ratios being close to zero.

Overall maximum convergence ratio =  128.5078 .
One or more of the t-statistics are rather large.
Convergence of the algorithm is doubtful.



@2
Estimation Results.
-------------------

Regular end of estimation algorithm.
Total of 2106 iteration steps.


@3
Estimates and standard errors
                             
Network Dynamics
 1. rate:  constant discussion.net rate (period 1)                73.5157  (   1.9238)
 2. rate:  constant discussion.net rate (period 2)                60.9014  (   1.6912)
 3. eval:  outdegree (density)                                    -2.0514  (   0.0256)
 4. eval:  reciprocity                                             0.6311  (   0.0237)
 5. eval:  GWESP I -> K -> J (69)                                  0.1547  (   0.0202)
 6. eval:  GWESP I <- K <- J (69)                                 -0.0107  (   0.0204)
 7. eval:  indegree - popularity                                   0.0057  (   0.0004)
 8. eval:  outdegree - activity                                    0.0051  (   0.0001)
 9. eval:  candidate.preference alter                              0.1281  (   0.0195)
10. eval:  candidate.preference ego                                0.0339  (   0.0179)
11. eval:  same candidate.preference                              -0.3328  (   0.0231)
Behavior Dynamics

12. rate:  rate candidate.preference (period 1)                    0.2349  (   0.0455)
13. rate:  rate candidate.preference (period 2)                    0.2361  (   0.0468)
14. eval:  candidate.preference linear shape                       0.7046  (   0.2787)
15. eval:  candidate.preference: tot alters (discussion.net) wei  -0.4210  (   0.3088)


@3
Covariance matrices
                   
Covariance matrix of estimates (correlations below diagonal):
     3.701     -1.139     -0.005      0.004      0.008      0.001      0.000      0.000      0.007      0.004     -0.010     -0.007      0.003     -0.020     -0.001
    -0.350      2.860     -0.008     -0.001      0.004      0.004      0.000      0.000     -0.003      0.001      0.008     -0.001     -0.013     -0.045      0.017
    -0.107     -0.196      0.001      0.000      0.000      0.000      0.000      0.000      0.000      0.000      0.000      0.000      0.000      0.000      0.000
     0.088     -0.020      0.156      0.001      0.000      0.000      0.000      0.000      0.000      0.000      0.000      0.000      0.000      0.000      0.000
     0.217      0.121     -0.489      0.092      0.000      0.000      0.000      0.000      0.000      0.000      0.000      0.000      0.000      0.000      0.000
     0.024      0.111     -0.567     -0.343     -0.136      0.000      0.000      0.000      0.000      0.000      0.000      0.000      0.000      0.000      0.000
     0.014     -0.168      0.317     -0.139     -0.446     -0.421      0.000      0.000      0.000      0.000      0.000      0.000      0.000      0.000      0.000
    -0.077     -0.112      0.334      0.010     -0.567     -0.238      0.488      0.000      0.000      0.000      0.000      0.000      0.000      0.000      0.000
     0.174     -0.090      0.037     -0.015      0.142      0.095     -0.141     -0.070      0.000      0.000      0.000      0.000      0.000      0.000      0.000
     0.104      0.019      0.205      0.003      0.130     -0.107      0.013     -0.077      0.398      0.000      0.000      0.000      0.000      0.000      0.001
    -0.224      0.197     -0.326     -0.030     -0.110      0.035     -0.029      0.020     -0.471     -0.509      0.001      0.000      0.000      0.000      0.000
    -0.080     -0.014     -0.061     -0.123      0.099      0.037     -0.114     -0.066     -0.076     -0.048      0.040      0.002      0.000      0.001     -0.003
     0.033     -0.160      0.013     -0.057      0.012     -0.005      0.027      0.020      0.020     -0.101     -0.061      0.082      0.002      0.003     -0.003
    -0.038     -0.095     -0.024     -0.034     -0.004      0.024      0.001      0.025      0.025     -0.087      0.017      0.096      0.235      0.078     -0.009
    -0.001      0.033      0.000      0.051      0.019     -0.011     -0.035      0.004      0.074      0.125     -0.057     -0.236     -0.217     -0.109      0.095

Derivative matrix of expected statistics X by parameters and
covariance/correlation matrix of X can be found using
summary(ans) within R, or by using the 'verbose' option in Siena07.
 
Total computation time 7289.59 seconds.
